2020-09-01 20:53:50,600 - Log4JLogChute initialized using file 'velocity.log'
2020-09-01 20:53:50,601 - Initializing Velocity, Calling init()...
2020-09-01 20:53:50,601 - Starting Apache Velocity v1.7 (compiled: 2010-11-19 12:14:37)
2020-09-01 20:53:50,602 - Default Properties File: org\apache\velocity\runtime\defaults\velocity.properties
2020-09-01 20:53:50,602 - Trying to use logger class org.apache.velocity.runtime.log.AvalonLogChute
2020-09-01 20:53:50,603 - Target log system for org.apache.velocity.runtime.log.AvalonLogChute is not available (java.lang.NoClassDefFoundError: org/apache/log/Priority).  Falling back to next log system...
2020-09-01 20:53:50,604 - Trying to use logger class org.apache.velocity.runtime.log.Log4JLogChute
2020-09-01 20:53:50,604 - Using logger class org.apache.velocity.runtime.log.Log4JLogChute
2020-09-01 20:53:50,715 - ResourceLoader instantiated: org.apache.velocity.runtime.resource.loader.FileResourceLoader
2020-09-01 20:53:50,745 - Do unicode file recognition:  false
2020-09-01 20:53:50,745 - FileResourceLoader : adding path '.'
2020-09-01 20:53:50,977 - ResourceCache: initialized (class org.apache.velocity.runtime.resource.ResourceCacheImpl) with class java.util.Collections$SynchronizedMap cache map.
2020-09-01 20:53:51,118 - Loaded System Directive: org.apache.velocity.runtime.directive.Stop
2020-09-01 20:53:51,153 - Loaded System Directive: org.apache.velocity.runtime.directive.Define
2020-09-01 20:53:51,171 - Loaded System Directive: org.apache.velocity.runtime.directive.Break
2020-09-01 20:53:51,189 - Loaded System Directive: org.apache.velocity.runtime.directive.Evaluate
2020-09-01 20:53:51,205 - Loaded System Directive: org.apache.velocity.runtime.directive.Literal
2020-09-01 20:53:51,226 - Loaded System Directive: org.apache.velocity.runtime.directive.Macro
2020-09-01 20:53:51,266 - Loaded System Directive: org.apache.velocity.runtime.directive.Parse
2020-09-01 20:53:51,290 - Loaded System Directive: org.apache.velocity.runtime.directive.Include
2020-09-01 20:53:51,315 - Loaded System Directive: org.apache.velocity.runtime.directive.Foreach
2020-09-01 20:53:51,728 - Created '20' parsers.
2020-09-01 20:53:51,803 - Velocimacro : "velocimacro.library" is not set.  Trying default library: VM_global_library.vm
2020-09-01 20:53:51,804 - Velocimacro : Default library not found.
2020-09-01 20:53:51,805 - Velocimacro : allowInline = true : VMs can be defined inline in templates
2020-09-01 20:53:51,805 - Velocimacro : allowInlineToOverride = false : VMs defined inline may NOT replace previous VM definitions
2020-09-01 20:53:51,806 - Velocimacro : allowInlineLocal = false : VMs defined inline will be global in scope if allowed.
2020-09-01 20:53:51,806 - Velocimacro : autoload off : VM system will not automatically reload global library macros
2020-09-01 20:53:52,069 - ResourceManager : found /bin/main/mailTemplate/requestdrawals.html with loader org.apache.velocity.runtime.resource.loader.FileResourceLoader
2020-09-01 20:55:05,267 - Log4JLogChute initialized using file 'velocity.log'
2020-09-01 20:55:05,267 - Initializing Velocity, Calling init()...
2020-09-01 20:55:05,267 - Starting Apache Velocity v1.7 (compiled: 2010-11-19 12:14:37)
2020-09-01 20:55:05,267 - Default Properties File: org\apache\velocity\runtime\defaults\velocity.properties
2020-09-01 20:55:05,267 - Trying to use logger class org.apache.velocity.runtime.log.AvalonLogChute
2020-09-01 20:55:05,267 - Target log system for org.apache.velocity.runtime.log.AvalonLogChute is not available (java.lang.NoClassDefFoundError: org/apache/log/Priority).  Falling back to next log system...
2020-09-01 20:55:05,267 - Trying to use logger class org.apache.velocity.runtime.log.Log4JLogChute
2020-09-01 20:55:05,267 - Using logger class org.apache.velocity.runtime.log.Log4JLogChute
2020-09-01 20:55:05,270 - ResourceLoader instantiated: org.apache.velocity.runtime.resource.loader.FileResourceLoader
2020-09-01 20:55:05,270 - Do unicode file recognition:  false
2020-09-01 20:55:05,270 - FileResourceLoader : adding path '.'
2020-09-01 20:55:05,275 - ResourceCache: initialized (class org.apache.velocity.runtime.resource.ResourceCacheImpl) with class java.util.Collections$SynchronizedMap cache map.
2020-09-01 20:55:05,277 - Loaded System Directive: org.apache.velocity.runtime.directive.Stop
2020-09-01 20:55:05,278 - Loaded System Directive: org.apache.velocity.runtime.directive.Define
2020-09-01 20:55:05,279 - Loaded System Directive: org.apache.velocity.runtime.directive.Break
2020-09-01 20:55:05,279 - Loaded System Directive: org.apache.velocity.runtime.directive.Evaluate
2020-09-01 20:55:05,280 - Loaded System Directive: org.apache.velocity.runtime.directive.Literal
2020-09-01 20:55:05,280 - Loaded System Directive: org.apache.velocity.runtime.directive.Macro
2020-09-01 20:55:05,281 - Loaded System Directive: org.apache.velocity.runtime.directive.Parse
2020-09-01 20:55:05,281 - Loaded System Directive: org.apache.velocity.runtime.directive.Include
2020-09-01 20:55:05,282 - Loaded System Directive: org.apache.velocity.runtime.directive.Foreach
2020-09-01 20:55:05,290 - Created '20' parsers.
2020-09-01 20:55:05,292 - Velocimacro : "velocimacro.library" is not set.  Trying default library: VM_global_library.vm
2020-09-01 20:55:05,292 - Velocimacro : Default library not found.
2020-09-01 20:55:05,292 - Velocimacro : allowInline = true : VMs can be defined inline in templates
2020-09-01 20:55:05,292 - Velocimacro : allowInlineToOverride = false : VMs defined inline may NOT replace previous VM definitions
2020-09-01 20:55:05,292 - Velocimacro : allowInlineLocal = false : VMs defined inline will be global in scope if allowed.
2020-09-01 20:55:05,292 - Velocimacro : autoload off : VM system will not automatically reload global library macros
2020-09-01 20:55:05,298 - ResourceManager : found /bin/main/mailTemplate/requestdrawals.html with loader org.apache.velocity.runtime.resource.loader.FileResourceLoader
2020-09-01 20:57:12,204 - Log4JLogChute initialized using file 'velocity.log'
2020-09-01 20:57:12,205 - Initializing Velocity, Calling init()...
2020-09-01 20:57:12,205 - Starting Apache Velocity v1.7 (compiled: 2010-11-19 12:14:37)
2020-09-01 20:57:12,205 - Default Properties File: org\apache\velocity\runtime\defaults\velocity.properties
2020-09-01 20:57:12,205 - Trying to use logger class org.apache.velocity.runtime.log.AvalonLogChute
2020-09-01 20:57:12,205 - Target log system for org.apache.velocity.runtime.log.AvalonLogChute is not available (java.lang.NoClassDefFoundError: org/apache/log/Priority).  Falling back to next log system...
2020-09-01 20:57:12,205 - Trying to use logger class org.apache.velocity.runtime.log.Log4JLogChute
2020-09-01 20:57:12,205 - Using logger class org.apache.velocity.runtime.log.Log4JLogChute
2020-09-01 20:57:12,207 - ResourceLoader instantiated: org.apache.velocity.runtime.resource.loader.FileResourceLoader
2020-09-01 20:57:12,208 - Do unicode file recognition:  false
2020-09-01 20:57:12,208 - FileResourceLoader : adding path '.'
2020-09-01 20:57:12,213 - ResourceCache: initialized (class org.apache.velocity.runtime.resource.ResourceCacheImpl) with class java.util.Collections$SynchronizedMap cache map.
2020-09-01 20:57:12,214 - Loaded System Directive: org.apache.velocity.runtime.directive.Stop
2020-09-01 20:57:12,215 - Loaded System Directive: org.apache.velocity.runtime.directive.Define
2020-09-01 20:57:12,215 - Loaded System Directive: org.apache.velocity.runtime.directive.Break
2020-09-01 20:57:12,216 - Loaded System Directive: org.apache.velocity.runtime.directive.Evaluate
2020-09-01 20:57:12,216 - Loaded System Directive: org.apache.velocity.runtime.directive.Literal
2020-09-01 20:57:12,216 - Loaded System Directive: org.apache.velocity.runtime.directive.Macro
2020-09-01 20:57:12,217 - Loaded System Directive: org.apache.velocity.runtime.directive.Parse
2020-09-01 20:57:12,217 - Loaded System Directive: org.apache.velocity.runtime.directive.Include
2020-09-01 20:57:12,218 - Loaded System Directive: org.apache.velocity.runtime.directive.Foreach
2020-09-01 20:57:12,225 - Created '20' parsers.
2020-09-01 20:57:12,227 - Velocimacro : "velocimacro.library" is not set.  Trying default library: VM_global_library.vm
2020-09-01 20:57:12,227 - Velocimacro : Default library not found.
2020-09-01 20:57:12,227 - Velocimacro : allowInline = true : VMs can be defined inline in templates
2020-09-01 20:57:12,227 - Velocimacro : allowInlineToOverride = false : VMs defined inline may NOT replace previous VM definitions
2020-09-01 20:57:12,227 - Velocimacro : allowInlineLocal = false : VMs defined inline will be global in scope if allowed.
2020-09-01 20:57:12,227 - Velocimacro : autoload off : VM system will not automatically reload global library macros
2020-09-01 20:57:12,233 - ResourceManager : found /bin/main/mailTemplate/requestdrawals.html with loader org.apache.velocity.runtime.resource.loader.FileResourceLoader
2020-09-01 21:00:32,089 - Log4JLogChute initialized using file 'velocity.log'
2020-09-01 21:00:32,090 - Initializing Velocity, Calling init()...
2020-09-01 21:00:32,090 - Starting Apache Velocity v1.7 (compiled: 2010-11-19 12:14:37)
2020-09-01 21:00:32,090 - Default Properties File: org\apache\velocity\runtime\defaults\velocity.properties
2020-09-01 21:00:32,090 - Trying to use logger class org.apache.velocity.runtime.log.AvalonLogChute
2020-09-01 21:00:32,090 - Target log system for org.apache.velocity.runtime.log.AvalonLogChute is not available (java.lang.NoClassDefFoundError: Could not initialize class org.apache.velocity.runtime.log.AvalonLogChute).  Falling back to next log system...
2020-09-01 21:00:32,090 - Trying to use logger class org.apache.velocity.runtime.log.Log4JLogChute
2020-09-01 21:00:32,090 - Using logger class org.apache.velocity.runtime.log.Log4JLogChute
2020-09-01 21:00:32,090 - ResourceLoader instantiated: org.apache.velocity.runtime.resource.loader.FileResourceLoader
2020-09-01 21:00:32,090 - Do unicode file recognition:  false
2020-09-01 21:00:32,090 - FileResourceLoader : adding path '.'
2020-09-01 21:00:32,090 - ResourceCache: initialized (class org.apache.velocity.runtime.resource.ResourceCacheImpl) with class java.util.Collections$SynchronizedMap cache map.
2020-09-01 21:00:32,090 - Loaded System Directive: org.apache.velocity.runtime.directive.Stop
2020-09-01 21:00:32,090 - Loaded System Directive: org.apache.velocity.runtime.directive.Define
2020-09-01 21:00:32,090 - Loaded System Directive: org.apache.velocity.runtime.directive.Break
2020-09-01 21:00:32,090 - Loaded System Directive: org.apache.velocity.runtime.directive.Evaluate
2020-09-01 21:00:32,090 - Loaded System Directive: org.apache.velocity.runtime.directive.Literal
2020-09-01 21:00:32,090 - Loaded System Directive: org.apache.velocity.runtime.directive.Macro
2020-09-01 21:00:32,090 - Loaded System Directive: org.apache.velocity.runtime.directive.Parse
2020-09-01 21:00:32,090 - Loaded System Directive: org.apache.velocity.runtime.directive.Include
2020-09-01 21:00:32,090 - Loaded System Directive: org.apache.velocity.runtime.directive.Foreach
2020-09-01 21:00:32,091 - Created '20' parsers.
2020-09-01 21:00:32,091 - Velocimacro : "velocimacro.library" is not set.  Trying default library: VM_global_library.vm
2020-09-01 21:00:32,091 - Velocimacro : Default library not found.
2020-09-01 21:00:32,091 - Velocimacro : allowInline = true : VMs can be defined inline in templates
2020-09-01 21:00:32,091 - Velocimacro : allowInlineToOverride = false : VMs defined inline may NOT replace previous VM definitions
2020-09-01 21:00:32,091 - Velocimacro : allowInlineLocal = false : VMs defined inline will be global in scope if allowed.
2020-09-01 21:00:32,091 - Velocimacro : autoload off : VM system will not automatically reload global library macros
2020-09-01 21:00:32,091 - ResourceManager : found /bin/main/mailTemplate/requestdrawals.html with loader org.apache.velocity.runtime.resource.loader.FileResourceLoader
2020-09-08 15:15:20,262 - Log4JLogChute initialized using file 'velocity.log'
2020-09-08 15:15:20,262 - Initializing Velocity, Calling init()...
2020-09-08 15:15:20,262 - Starting Apache Velocity v1.7 (compiled: 2010-11-19 12:14:37)
2020-09-08 15:15:20,262 - Default Properties File: org\apache\velocity\runtime\defaults\velocity.properties
2020-09-08 15:15:20,263 - Trying to use logger class org.apache.velocity.runtime.log.AvalonLogChute
2020-09-08 15:15:20,263 - Target log system for org.apache.velocity.runtime.log.AvalonLogChute is not available (java.lang.NoClassDefFoundError: org/apache/log/Priority).  Falling back to next log system...
2020-09-08 15:15:20,263 - Trying to use logger class org.apache.velocity.runtime.log.Log4JLogChute
2020-09-08 15:15:20,263 - Using logger class org.apache.velocity.runtime.log.Log4JLogChute
2020-09-08 15:15:20,265 - ResourceLoader instantiated: org.apache.velocity.runtime.resource.loader.FileResourceLoader
2020-09-08 15:15:20,266 - Do unicode file recognition:  false
2020-09-08 15:15:20,266 - FileResourceLoader : adding path '.'
2020-09-08 15:15:20,273 - ResourceCache: initialized (class org.apache.velocity.runtime.resource.ResourceCacheImpl) with class java.util.Collections$SynchronizedMap cache map.
2020-09-08 15:15:20,275 - Loaded System Directive: org.apache.velocity.runtime.directive.Stop
2020-09-08 15:15:20,276 - Loaded System Directive: org.apache.velocity.runtime.directive.Define
2020-09-08 15:15:20,276 - Loaded System Directive: org.apache.velocity.runtime.directive.Break
2020-09-08 15:15:20,277 - Loaded System Directive: org.apache.velocity.runtime.directive.Evaluate
2020-09-08 15:15:20,277 - Loaded System Directive: org.apache.velocity.runtime.directive.Literal
2020-09-08 15:15:20,278 - Loaded System Directive: org.apache.velocity.runtime.directive.Macro
2020-09-08 15:15:20,279 - Loaded System Directive: org.apache.velocity.runtime.directive.Parse
2020-09-08 15:15:20,279 - Loaded System Directive: org.apache.velocity.runtime.directive.Include
2020-09-08 15:15:20,280 - Loaded System Directive: org.apache.velocity.runtime.directive.Foreach
2020-09-08 15:15:20,290 - Created '20' parsers.
2020-09-08 15:15:20,292 - Velocimacro : "velocimacro.library" is not set.  Trying default library: VM_global_library.vm
2020-09-08 15:15:20,292 - Velocimacro : Default library not found.
2020-09-08 15:15:20,292 - Velocimacro : allowInline = true : VMs can be defined inline in templates
2020-09-08 15:15:20,292 - Velocimacro : allowInlineToOverride = false : VMs defined inline may NOT replace previous VM definitions
2020-09-08 15:15:20,292 - Velocimacro : allowInlineLocal = false : VMs defined inline will be global in scope if allowed.
2020-09-08 15:15:20,292 - Velocimacro : autoload off : VM system will not automatically reload global library macros
2020-09-08 15:15:20,295 - ResourceManager : unable to find resource '/bin/main/mailTemplate/null' in any resource loader.
